06:50:43.710 [TestNG-tests-3] INFO  testCases.TC_001_AccountRegistrationTest - *******Finished_TC_001_AccountRgistrationTest*******
06:53:38.784 [TestNG-tests-2] DEBUG io.netty.util.internal.logging.InternalLoggerFactory - Using Log4J2 as the default logging framework
06:53:38.801 [TestNG-tests-2] DEBUG io.netty.util.ResourceLeakDetector - -Dio.netty.leakDetection.level: simple
06:53:38.801 [TestNG-tests-2] DEBUG io.netty.util.ResourceLeakDetector - -Dio.netty.leakDetection.targetRecords: 4
06:53:38.811 [TestNG-tests-2] DEBUG io.netty.util.ResourceLeakDetectorFactory - Loaded default ResourceLeakDetector: io.netty.util.ResourceLeakDetector@7490d39d
06:53:38.885 [TestNG-tests-2] DEBUG io.netty.util.internal.PlatformDependent0 - -Dio.netty.noUnsafe: false
06:53:38.885 [TestNG-tests-2] DEBUG io.netty.util.internal.PlatformDependent0 - Java version: 18
06:53:38.888 [TestNG-tests-2] DEBUG io.netty.util.internal.PlatformDependent0 - sun.misc.Unsafe.theUnsafe: available
06:53:38.889 [TestNG-tests-2] DEBUG io.netty.util.internal.PlatformDependent0 - sun.misc.Unsafe.copyMemory: available
06:53:38.890 [TestNG-tests-2] DEBUG io.netty.util.internal.PlatformDependent0 - java.nio.Buffer.address: available
06:53:38.892 [TestNG-tests-2] DEBUG io.netty.util.internal.PlatformDependent0 - direct buffer constructor: unavailable: Reflective setAccessible(true) disabled
06:53:38.894 [TestNG-tests-2] DEBUG io.netty.util.internal.PlatformDependent0 - java.nio.Bits.unaligned: available, true
06:53:38.896 [TestNG-tests-2] DEBUG io.netty.util.internal.PlatformDependent0 - jdk.internal.misc.Unsafe.allocateUninitializedArray(int): unavailable: class io.netty.util.internal.PlatformDependent0$6 cannot access class jdk.internal.misc.Unsafe (in module java.base) because module java.base does not export jdk.internal.misc to unnamed module @43556938
06:53:38.907 [TestNG-tests-2] DEBUG io.netty.util.internal.PlatformDependent0 - java.nio.DirectByteBuffer.<init>(long, int): unavailable
06:53:38.908 [TestNG-tests-2] DEBUG io.netty.util.internal.PlatformDependent - sun.misc.Unsafe: available
06:53:38.910 [TestNG-tests-2] DEBUG io.netty.util.internal.PlatformDependent - maxDirectMemory: 2113929216 bytes (maybe)
06:53:38.910 [TestNG-tests-2] DEBUG io.netty.util.internal.PlatformDependent - -Dio.netty.tmpdir: C:\Users\HATKESH\AppData\Local\Temp (java.io.tmpdir)
06:53:38.911 [TestNG-tests-2] DEBUG io.netty.util.internal.PlatformDependent - -Dio.netty.bitMode: 64 (sun.arch.data.model)
06:53:38.911 [TestNG-tests-2] DEBUG io.netty.util.internal.PlatformDependent - Platform: Windows
06:53:38.913 [TestNG-tests-2] DEBUG io.netty.util.internal.PlatformDependent - -Dio.netty.maxDirectMemory: -1 bytes
06:53:38.913 [TestNG-tests-2] DEBUG io.netty.util.internal.PlatformDependent - -Dio.netty.uninitializedArrayAllocationThreshold: -1
06:53:38.917 [TestNG-tests-2] DEBUG io.netty.util.internal.CleanerJava9 - java.nio.ByteBuffer.cleaner(): available
06:53:38.917 [TestNG-tests-2] DEBUG io.netty.util.internal.PlatformDependent - -Dio.netty.noPreferDirect: false
06:53:38.953 [TestNG-tests-2] DEBUG io.netty.util.internal.PlatformDependent - org.jctools-core.MpscChunkedArrayQueue: available
06:53:38.998 [TestNG-tests-2] DEBUG io.netty.util.internal.InternalThreadLocalMap - -Dio.netty.threadLocalMap.stringBuilder.initialSize: 1024
06:53:38.998 [TestNG-tests-2] DEBUG io.netty.util.internal.InternalThreadLocalMap - -Dio.netty.threadLocalMap.stringBuilder.maxSize: 4096
06:53:39.023 [TestNG-tests-2] DEBUG io.netty.handler.ssl.JdkSslContext - Default protocols (JDK): [TLSv1.3, TLSv1.2] 
06:53:39.023 [TestNG-tests-2] DEBUG io.netty.handler.ssl.JdkSslContext - Default cipher suites (JDK): [TLS_ECDHE_ECDSA_WITH_AES_256_GCM_SHA384, TLS_ECDHE_ECDSA_WITH_AES_128_GCM_SHA256, TLS_ECDHE_RSA_WITH_AES_128_GCM_SHA256, TLS_ECDHE_RSA_WITH_AES_256_GCM_SHA384, TLS_ECDHE_RSA_WITH_AES_128_CBC_SHA, TLS_ECDHE_RSA_WITH_AES_256_CBC_SHA, TLS_RSA_WITH_AES_128_GCM_SHA256, TLS_RSA_WITH_AES_128_CBC_SHA, TLS_RSA_WITH_AES_256_CBC_SHA, TLS_AES_128_GCM_SHA256, TLS_AES_256_GCM_SHA384]
06:53:39.080 [TestNG-tests-2] DEBUG io.netty.channel.MultithreadEventLoopGroup - -Dio.netty.eventLoopThreads: 8
06:53:39.101 [TestNG-tests-2] DEBUG io.netty.channel.nio.NioEventLoop - -Dio.netty.noKeySetOptimization: false
06:53:39.102 [TestNG-tests-2] DEBUG io.netty.channel.nio.NioEventLoop - -Dio.netty.selectorAutoRebuildThreshold: 512
06:53:39.182 [TestNG-tests-2] DEBUG io.netty.buffer.PooledByteBufAllocator - -Dio.netty.allocator.numHeapArenas: 8
06:53:39.182 [TestNG-tests-2] DEBUG io.netty.buffer.PooledByteBufAllocator - -Dio.netty.allocator.numDirectArenas: 8
06:53:39.182 [TestNG-tests-2] DEBUG io.netty.buffer.PooledByteBufAllocator - -Dio.netty.allocator.pageSize: 8192
06:53:39.182 [TestNG-tests-2] DEBUG io.netty.buffer.PooledByteBufAllocator - -Dio.netty.allocator.maxOrder: 9
06:53:39.182 [TestNG-tests-2] DEBUG io.netty.buffer.PooledByteBufAllocator - -Dio.netty.allocator.chunkSize: 4194304
06:53:39.182 [TestNG-tests-2] DEBUG io.netty.buffer.PooledByteBufAllocator - -Dio.netty.allocator.smallCacheSize: 256
06:53:39.182 [TestNG-tests-2] DEBUG io.netty.buffer.PooledByteBufAllocator - -Dio.netty.allocator.normalCacheSize: 64
06:53:39.183 [TestNG-tests-2] DEBUG io.netty.buffer.PooledByteBufAllocator - -Dio.netty.allocator.maxCachedBufferCapacity: 32768
06:53:39.183 [TestNG-tests-2] DEBUG io.netty.buffer.PooledByteBufAllocator - -Dio.netty.allocator.cacheTrimInterval: 8192
06:53:39.183 [TestNG-tests-2] DEBUG io.netty.buffer.PooledByteBufAllocator - -Dio.netty.allocator.cacheTrimIntervalMillis: 0
06:53:39.183 [TestNG-tests-2] DEBUG io.netty.buffer.PooledByteBufAllocator - -Dio.netty.allocator.useCacheForAllThreads: false
06:53:39.183 [TestNG-tests-2] DEBUG io.netty.buffer.PooledByteBufAllocator - -Dio.netty.allocator.maxCachedByteBuffersPerChunk: 1023
06:53:39.209 [TestNG-tests-2] DEBUG io.netty.buffer.ByteBufUtil - -Dio.netty.allocator.type: pooled
06:53:39.209 [TestNG-tests-2] DEBUG io.netty.buffer.ByteBufUtil - -Dio.netty.threadLocalDirectBufferSize: 0
06:53:39.209 [TestNG-tests-2] DEBUG io.netty.buffer.ByteBufUtil - -Dio.netty.maxThreadLocalCharBufferSize: 16384
06:53:40.012 [Forwarding newSession on session null to remote] DEBUG io.netty.channel.DefaultChannelId - -Dio.netty.processId: 16360 (auto-detected)
06:53:40.020 [Forwarding newSession on session null to remote] DEBUG io.netty.util.NetUtil - -Djava.net.preferIPv4Stack: false
06:53:40.021 [Forwarding newSession on session null to remote] DEBUG io.netty.util.NetUtil - -Djava.net.preferIPv6Addresses: false
06:53:40.039 [Forwarding newSession on session null to remote] DEBUG io.netty.util.NetUtilInitializations - Loopback interface: lo (Software Loopback Interface 1, 127.0.0.1)
06:53:40.041 [Forwarding newSession on session null to remote] DEBUG io.netty.util.NetUtil - Failed to get SOMAXCONN from sysctl and file \proc\sys\net\core\somaxconn. Default: 200
06:53:40.110 [Forwarding newSession on session null to remote] DEBUG io.netty.channel.DefaultChannelId - -Dio.netty.machineId: 30:52:cb:ff:fe:44:c3:d9 (auto-detected)
06:53:40.208 [AsyncHttpClient-1-2] DEBUG io.netty.buffer.AbstractByteBuf - -Dio.netty.buffer.checkAccessible: true
06:53:40.208 [AsyncHttpClient-1-2] DEBUG io.netty.buffer.AbstractByteBuf - -Dio.netty.buffer.checkBounds: true
06:53:40.208 [AsyncHttpClient-1-2] DEBUG io.netty.util.ResourceLeakDetectorFactory - Loaded default ResourceLeakDetector: io.netty.util.ResourceLeakDetector@d46786e
06:53:40.268 [AsyncHttpClient-1-2] DEBUG io.netty.util.Recycler - -Dio.netty.recycler.maxCapacityPerThread: 4096
06:53:40.268 [AsyncHttpClient-1-2] DEBUG io.netty.util.Recycler - -Dio.netty.recycler.ratio: 8
06:53:40.268 [AsyncHttpClient-1-2] DEBUG io.netty.util.Recycler - -Dio.netty.recycler.chunkSize: 32
06:53:40.268 [AsyncHttpClient-1-2] DEBUG io.netty.util.Recycler - -Dio.netty.recycler.blocking: false
06:53:41.815 [AsyncHttpClient-1-3] DEBUG io.netty.handler.codec.compression.Brotli - brotli4j not in the classpath; Brotli support will be unavailable.
06:53:42.231 [TestNG-tests-1] DEBUG io.netty.util.internal.ThreadLocalRandom - -Dio.netty.initialSeedUniquifier: 0x12f8dab18bc0f84b
06:53:44.707 [TestNG-tests-1] INFO  testCases.TC_001_AccountRegistrationTest - *******Starting TC_001_AccountRegistrationTest*********
06:53:46.080 [TestNG-tests-1] INFO  testCases.TC_001_AccountRegistrationTest - clicked on MyAccount
06:53:47.267 [TestNG-tests-1] INFO  testCases.TC_001_AccountRegistrationTest - clicked on Register
06:53:47.504 [TestNG-tests-1] INFO  testCases.TC_001_AccountRegistrationTest - Provided first name
06:53:47.711 [TestNG-tests-1] INFO  testCases.TC_001_AccountRegistrationTest - provided Last name
06:53:47.949 [TestNG-tests-1] INFO  testCases.TC_001_AccountRegistrationTest - Provided Email
06:53:48.096 [TestNG-tests-1] INFO  testCases.TC_001_AccountRegistrationTest - Provided Telephone Number
06:53:48.263 [TestNG-tests-1] INFO  testCases.TC_001_AccountRegistrationTest - Provided Password
06:53:48.605 [TestNG-tests-1] INFO  testCases.TC_001_AccountRegistrationTest - Provided ConfirmPassword
06:53:48.944 [TestNG-tests-1] INFO  testCases.TC_001_AccountRegistrationTest - Provided PrivatePolicy
06:53:51.546 [TestNG-tests-2] INFO  testCases.TC_001_AccountRegistrationTest - *******Starting TC_001_AccountRegistrationTest*********
06:53:51.864 [TestNG-tests-2] INFO  testCases.TC_001_AccountRegistrationTest - clicked on MyAccount
06:53:52.510 [TestNG-tests-1] INFO  testCases.TC_001_AccountRegistrationTest - Clicked to Continue
06:53:52.882 [TestNG-tests-1] INFO  testCases.TC_001_AccountRegistrationTest - *******Finished_TC_001_AccountRgistrationTest*******
06:53:53.069 [TestNG-tests-2] INFO  testCases.TC_001_AccountRegistrationTest - clicked on Register
06:53:53.279 [TestNG-tests-2] INFO  testCases.TC_001_AccountRegistrationTest - Provided first name
06:53:53.346 [TestNG-tests-2] INFO  testCases.TC_001_AccountRegistrationTest - provided Last name
06:53:53.446 [TestNG-tests-2] INFO  testCases.TC_001_AccountRegistrationTest - Provided Email
06:53:53.509 [TestNG-tests-2] INFO  testCases.TC_001_AccountRegistrationTest - Provided Telephone Number
06:53:53.576 [TestNG-tests-2] INFO  testCases.TC_001_AccountRegistrationTest - Provided Password
06:53:53.630 [TestNG-tests-2] INFO  testCases.TC_001_AccountRegistrationTest - Provided ConfirmPassword
06:53:53.882 [TestNG-tests-2] INFO  testCases.TC_001_AccountRegistrationTest - Provided PrivatePolicy
06:53:56.797 [TestNG-tests-2] INFO  testCases.TC_001_AccountRegistrationTest - Clicked to Continue
06:53:56.848 [TestNG-tests-2] INFO  testCases.TC_001_AccountRegistrationTest - *******Finished_TC_001_AccountRgistrationTest*******
06:55:56.462 [TestNG-tests-2] DEBUG io.netty.util.internal.logging.InternalLoggerFactory - Using Log4J2 as the default logging framework
06:55:56.494 [TestNG-tests-2] DEBUG io.netty.util.ResourceLeakDetector - -Dio.netty.leakDetection.level: simple
06:55:56.495 [TestNG-tests-2] DEBUG io.netty.util.ResourceLeakDetector - -Dio.netty.leakDetection.targetRecords: 4
06:55:56.504 [TestNG-tests-2] DEBUG io.netty.util.ResourceLeakDetectorFactory - Loaded default ResourceLeakDetector: io.netty.util.ResourceLeakDetector@70c1f63b
06:55:56.565 [TestNG-tests-2] DEBUG io.netty.util.internal.PlatformDependent0 - -Dio.netty.noUnsafe: false
06:55:56.566 [TestNG-tests-2] DEBUG io.netty.util.internal.PlatformDependent0 - Java version: 18
06:55:56.569 [TestNG-tests-2] DEBUG io.netty.util.internal.PlatformDependent0 - sun.misc.Unsafe.theUnsafe: available
06:55:56.571 [TestNG-tests-2] DEBUG io.netty.util.internal.PlatformDependent0 - sun.misc.Unsafe.copyMemory: available
06:55:56.572 [TestNG-tests-2] DEBUG io.netty.util.internal.PlatformDependent0 - java.nio.Buffer.address: available
06:55:56.574 [TestNG-tests-2] DEBUG io.netty.util.internal.PlatformDependent0 - direct buffer constructor: unavailable: Reflective setAccessible(true) disabled
06:55:56.575 [TestNG-tests-2] DEBUG io.netty.util.internal.PlatformDependent0 - java.nio.Bits.unaligned: available, true
06:55:56.579 [TestNG-tests-2] DEBUG io.netty.util.internal.PlatformDependent0 - jdk.internal.misc.Unsafe.allocateUninitializedArray(int): unavailable: class io.netty.util.internal.PlatformDependent0$6 cannot access class jdk.internal.misc.Unsafe (in module java.base) because module java.base does not export jdk.internal.misc to unnamed module @43556938
06:55:56.582 [TestNG-tests-2] DEBUG io.netty.util.internal.PlatformDependent0 - java.nio.DirectByteBuffer.<init>(long, int): unavailable
06:55:56.583 [TestNG-tests-2] DEBUG io.netty.util.internal.PlatformDependent - sun.misc.Unsafe: available
06:55:56.584 [TestNG-tests-2] DEBUG io.netty.util.internal.PlatformDependent - maxDirectMemory: 2113929216 bytes (maybe)
06:55:56.584 [TestNG-tests-2] DEBUG io.netty.util.internal.PlatformDependent - -Dio.netty.tmpdir: C:\Users\HATKESH\AppData\Local\Temp (java.io.tmpdir)
06:55:56.585 [TestNG-tests-2] DEBUG io.netty.util.internal.PlatformDependent - -Dio.netty.bitMode: 64 (sun.arch.data.model)
06:55:56.586 [TestNG-tests-2] DEBUG io.netty.util.internal.PlatformDependent - Platform: Windows
06:55:56.587 [TestNG-tests-2] DEBUG io.netty.util.internal.PlatformDependent - -Dio.netty.maxDirectMemory: -1 bytes
06:55:56.587 [TestNG-tests-2] DEBUG io.netty.util.internal.PlatformDependent - -Dio.netty.uninitializedArrayAllocationThreshold: -1
06:55:56.590 [TestNG-tests-2] DEBUG io.netty.util.internal.CleanerJava9 - java.nio.ByteBuffer.cleaner(): available
06:55:56.591 [TestNG-tests-2] DEBUG io.netty.util.internal.PlatformDependent - -Dio.netty.noPreferDirect: false
06:55:56.610 [TestNG-tests-2] DEBUG io.netty.util.internal.PlatformDependent - org.jctools-core.MpscChunkedArrayQueue: available
06:55:56.658 [TestNG-tests-2] DEBUG io.netty.util.internal.InternalThreadLocalMap - -Dio.netty.threadLocalMap.stringBuilder.initialSize: 1024
06:55:56.659 [TestNG-tests-2] DEBUG io.netty.util.internal.InternalThreadLocalMap - -Dio.netty.threadLocalMap.stringBuilder.maxSize: 4096
06:55:56.691 [TestNG-tests-2] DEBUG io.netty.handler.ssl.JdkSslContext - Default protocols (JDK): [TLSv1.3, TLSv1.2] 
06:55:56.691 [TestNG-tests-2] DEBUG io.netty.handler.ssl.JdkSslContext - Default cipher suites (JDK): [TLS_ECDHE_ECDSA_WITH_AES_256_GCM_SHA384, TLS_ECDHE_ECDSA_WITH_AES_128_GCM_SHA256, TLS_ECDHE_RSA_WITH_AES_128_GCM_SHA256, TLS_ECDHE_RSA_WITH_AES_256_GCM_SHA384, TLS_ECDHE_RSA_WITH_AES_128_CBC_SHA, TLS_ECDHE_RSA_WITH_AES_256_CBC_SHA, TLS_RSA_WITH_AES_128_GCM_SHA256, TLS_RSA_WITH_AES_128_CBC_SHA, TLS_RSA_WITH_AES_256_CBC_SHA, TLS_AES_128_GCM_SHA256, TLS_AES_256_GCM_SHA384]
06:55:56.772 [TestNG-tests-2] DEBUG io.netty.channel.MultithreadEventLoopGroup - -Dio.netty.eventLoopThreads: 8
06:55:56.807 [TestNG-tests-2] DEBUG io.netty.channel.nio.NioEventLoop - -Dio.netty.noKeySetOptimization: false
06:55:56.807 [TestNG-tests-2] DEBUG io.netty.channel.nio.NioEventLoop - -Dio.netty.selectorAutoRebuildThreshold: 512
06:55:56.929 [TestNG-tests-2] DEBUG io.netty.buffer.PooledByteBufAllocator - -Dio.netty.allocator.numHeapArenas: 8
06:55:56.930 [TestNG-tests-2] DEBUG io.netty.buffer.PooledByteBufAllocator - -Dio.netty.allocator.numDirectArenas: 8
06:55:56.930 [TestNG-tests-2] DEBUG io.netty.buffer.PooledByteBufAllocator - -Dio.netty.allocator.pageSize: 8192
06:55:56.931 [TestNG-tests-2] DEBUG io.netty.buffer.PooledByteBufAllocator - -Dio.netty.allocator.maxOrder: 9
06:55:56.932 [TestNG-tests-2] DEBUG io.netty.buffer.PooledByteBufAllocator - -Dio.netty.allocator.chunkSize: 4194304
06:55:56.932 [TestNG-tests-2] DEBUG io.netty.buffer.PooledByteBufAllocator - -Dio.netty.allocator.smallCacheSize: 256
06:55:56.932 [TestNG-tests-2] DEBUG io.netty.buffer.PooledByteBufAllocator - -Dio.netty.allocator.normalCacheSize: 64
06:55:56.932 [TestNG-tests-2] DEBUG io.netty.buffer.PooledByteBufAllocator - -Dio.netty.allocator.maxCachedBufferCapacity: 32768
06:55:56.933 [TestNG-tests-2] DEBUG io.netty.buffer.PooledByteBufAllocator - -Dio.netty.allocator.cacheTrimInterval: 8192
06:55:56.933 [TestNG-tests-2] DEBUG io.netty.buffer.PooledByteBufAllocator - -Dio.netty.allocator.cacheTrimIntervalMillis: 0
06:55:56.933 [TestNG-tests-2] DEBUG io.netty.buffer.PooledByteBufAllocator - -Dio.netty.allocator.useCacheForAllThreads: false
06:55:56.933 [TestNG-tests-2] DEBUG io.netty.buffer.PooledByteBufAllocator - -Dio.netty.allocator.maxCachedByteBuffersPerChunk: 1023
06:55:56.958 [TestNG-tests-2] DEBUG io.netty.buffer.ByteBufUtil - -Dio.netty.allocator.type: pooled
06:55:56.958 [TestNG-tests-2] DEBUG io.netty.buffer.ByteBufUtil - -Dio.netty.threadLocalDirectBufferSize: 0
06:55:56.959 [TestNG-tests-2] DEBUG io.netty.buffer.ByteBufUtil - -Dio.netty.maxThreadLocalCharBufferSize: 16384
06:55:57.824 [Forwarding newSession on session null to remote] DEBUG io.netty.channel.DefaultChannelId - -Dio.netty.processId: 11172 (auto-detected)
06:55:57.830 [Forwarding newSession on session null to remote] DEBUG io.netty.util.NetUtil - -Djava.net.preferIPv4Stack: false
06:55:57.831 [Forwarding newSession on session null to remote] DEBUG io.netty.util.NetUtil - -Djava.net.preferIPv6Addresses: false
06:55:57.907 [Forwarding newSession on session null to remote] DEBUG io.netty.util.NetUtilInitializations - Loopback interface: lo (Software Loopback Interface 1, 127.0.0.1)
06:55:57.909 [Forwarding newSession on session null to remote] DEBUG io.netty.util.NetUtil - Failed to get SOMAXCONN from sysctl and file \proc\sys\net\core\somaxconn. Default: 200
06:55:58.051 [Forwarding newSession on session null to remote] DEBUG io.netty.channel.DefaultChannelId - -Dio.netty.machineId: 30:52:cb:ff:fe:44:c3:d9 (auto-detected)
06:55:58.199 [AsyncHttpClient-1-2] DEBUG io.netty.buffer.AbstractByteBuf - -Dio.netty.buffer.checkAccessible: true
06:55:58.200 [AsyncHttpClient-1-2] DEBUG io.netty.buffer.AbstractByteBuf - -Dio.netty.buffer.checkBounds: true
06:55:58.200 [AsyncHttpClient-1-2] DEBUG io.netty.util.ResourceLeakDetectorFactory - Loaded default ResourceLeakDetector: io.netty.util.ResourceLeakDetector@2b44125a
06:55:58.241 [AsyncHttpClient-1-3] DEBUG io.netty.util.Recycler - -Dio.netty.recycler.maxCapacityPerThread: 4096
06:55:58.241 [AsyncHttpClient-1-3] DEBUG io.netty.util.Recycler - -Dio.netty.recycler.ratio: 8
06:55:58.241 [AsyncHttpClient-1-3] DEBUG io.netty.util.Recycler - -Dio.netty.recycler.chunkSize: 32
06:55:58.241 [AsyncHttpClient-1-3] DEBUG io.netty.util.Recycler - -Dio.netty.recycler.blocking: false
06:56:00.199 [AsyncHttpClient-1-3] DEBUG io.netty.handler.codec.compression.Brotli - brotli4j not in the classpath; Brotli support will be unavailable.
06:56:00.589 [TestNG-tests-2] DEBUG io.netty.util.internal.ThreadLocalRandom - -Dio.netty.initialSeedUniquifier: 0x35da8d23c220cc09
06:56:06.926 [TestNG-tests-2] INFO  testCases.TC_001_AccountRegistrationTest - *******Starting TC_001_AccountRegistrationTest*********
06:56:06.935 [TestNG-tests-1] INFO  testCases.TC_001_AccountRegistrationTest - *******Starting TC_001_AccountRegistrationTest*********
06:56:07.527 [TestNG-tests-2] INFO  testCases.TC_001_AccountRegistrationTest - clicked on MyAccount
06:56:07.536 [TestNG-tests-1] INFO  testCases.TC_001_AccountRegistrationTest - clicked on MyAccount
06:56:09.418 [TestNG-tests-2] INFO  testCases.TC_001_AccountRegistrationTest - clicked on Register
06:56:09.655 [TestNG-tests-1] INFO  testCases.TC_001_AccountRegistrationTest - clicked on Register
06:56:10.061 [TestNG-tests-2] INFO  testCases.TC_001_AccountRegistrationTest - Provided first name
06:56:10.254 [TestNG-tests-1] INFO  testCases.TC_001_AccountRegistrationTest - Provided first name
06:56:10.393 [TestNG-tests-2] INFO  testCases.TC_001_AccountRegistrationTest - provided Last name
06:56:10.552 [TestNG-tests-1] INFO  testCases.TC_001_AccountRegistrationTest - provided Last name
06:56:10.799 [TestNG-tests-2] INFO  testCases.TC_001_AccountRegistrationTest - Provided Email
06:56:11.362 [TestNG-tests-1] INFO  testCases.TC_001_AccountRegistrationTest - Provided Email
06:56:11.738 [TestNG-tests-2] INFO  testCases.TC_001_AccountRegistrationTest - Provided Telephone Number
06:56:11.885 [TestNG-tests-1] INFO  testCases.TC_001_AccountRegistrationTest - Provided Telephone Number
06:56:12.197 [TestNG-tests-2] INFO  testCases.TC_001_AccountRegistrationTest - Provided Password
06:56:12.631 [TestNG-tests-1] INFO  testCases.TC_001_AccountRegistrationTest - Provided Password
06:56:12.916 [TestNG-tests-2] INFO  testCases.TC_001_AccountRegistrationTest - Provided ConfirmPassword
06:56:13.117 [TestNG-tests-1] INFO  testCases.TC_001_AccountRegistrationTest - Provided ConfirmPassword
06:56:13.411 [TestNG-tests-2] INFO  testCases.TC_001_AccountRegistrationTest - Provided PrivatePolicy
06:56:13.437 [TestNG-tests-1] INFO  testCases.TC_001_AccountRegistrationTest - Provided PrivatePolicy
06:56:14.749 [TestNG-tests-3] INFO  testCases.TC_001_AccountRegistrationTest - *******Starting TC_001_AccountRegistrationTest*********
06:56:15.111 [TestNG-tests-3] INFO  testCases.TC_001_AccountRegistrationTest - clicked on MyAccount
06:56:16.760 [TestNG-tests-3] INFO  testCases.TC_001_AccountRegistrationTest - clicked on Register
06:56:17.080 [TestNG-tests-3] INFO  testCases.TC_001_AccountRegistrationTest - Provided first name
06:56:17.210 [TestNG-tests-3] INFO  testCases.TC_001_AccountRegistrationTest - provided Last name
06:56:17.430 [TestNG-tests-3] INFO  testCases.TC_001_AccountRegistrationTest - Provided Email
06:56:17.569 [TestNG-tests-3] INFO  testCases.TC_001_AccountRegistrationTest - Provided Telephone Number
06:56:17.678 [TestNG-tests-3] INFO  testCases.TC_001_AccountRegistrationTest - Provided Password
06:56:17.765 [TestNG-tests-3] INFO  testCases.TC_001_AccountRegistrationTest - Provided ConfirmPassword
06:56:18.035 [TestNG-tests-3] INFO  testCases.TC_001_AccountRegistrationTest - Provided PrivatePolicy
06:56:18.814 [TestNG-tests-2] INFO  testCases.TC_001_AccountRegistrationTest - Clicked to Continue
06:56:18.883 [TestNG-tests-1] INFO  testCases.TC_001_AccountRegistrationTest - Clicked to Continue
06:56:18.996 [TestNG-tests-2] INFO  testCases.TC_001_AccountRegistrationTest - *******Finished_TC_001_AccountRgistrationTest*******
06:56:19.068 [TestNG-tests-1] INFO  testCases.TC_001_AccountRegistrationTest - *******Finished_TC_001_AccountRgistrationTest*******
06:56:21.009 [TestNG-tests-3] INFO  testCases.TC_001_AccountRegistrationTest - Clicked to Continue
06:56:21.055 [TestNG-tests-3] INFO  testCases.TC_001_AccountRegistrationTest - *******Finished_TC_001_AccountRgistrationTest*******
07:04:17.328 [TestNG-tests-2] DEBUG io.netty.util.internal.logging.InternalLoggerFactory - Using Log4J2 as the default logging framework
07:04:17.351 [TestNG-tests-2] DEBUG io.netty.util.ResourceLeakDetector - -Dio.netty.leakDetection.level: simple
07:04:17.352 [TestNG-tests-2] DEBUG io.netty.util.ResourceLeakDetector - -Dio.netty.leakDetection.targetRecords: 4
07:04:17.365 [TestNG-tests-2] DEBUG io.netty.util.ResourceLeakDetectorFactory - Loaded default ResourceLeakDetector: io.netty.util.ResourceLeakDetector@5148d50b
07:04:17.420 [TestNG-tests-2] DEBUG io.netty.util.internal.PlatformDependent0 - -Dio.netty.noUnsafe: false
07:04:17.420 [TestNG-tests-2] DEBUG io.netty.util.internal.PlatformDependent0 - Java version: 18
07:04:17.423 [TestNG-tests-2] DEBUG io.netty.util.internal.PlatformDependent0 - sun.misc.Unsafe.theUnsafe: available
07:04:17.424 [TestNG-tests-2] DEBUG io.netty.util.internal.PlatformDependent0 - sun.misc.Unsafe.copyMemory: available
07:04:17.425 [TestNG-tests-2] DEBUG io.netty.util.internal.PlatformDependent0 - java.nio.Buffer.address: available
07:04:17.431 [TestNG-tests-2] DEBUG io.netty.util.internal.PlatformDependent0 - direct buffer constructor: unavailable: Reflective setAccessible(true) disabled
07:04:17.433 [TestNG-tests-2] DEBUG io.netty.util.internal.PlatformDependent0 - java.nio.Bits.unaligned: available, true
07:04:17.438 [TestNG-tests-2] DEBUG io.netty.util.internal.PlatformDependent0 - jdk.internal.misc.Unsafe.allocateUninitializedArray(int): unavailable: class io.netty.util.internal.PlatformDependent0$6 cannot access class jdk.internal.misc.Unsafe (in module java.base) because module java.base does not export jdk.internal.misc to unnamed module @43556938
07:04:17.440 [TestNG-tests-2] DEBUG io.netty.util.internal.PlatformDependent0 - java.nio.DirectByteBuffer.<init>(long, int): unavailable
07:04:17.441 [TestNG-tests-2] DEBUG io.netty.util.internal.PlatformDependent - sun.misc.Unsafe: available
07:04:17.442 [TestNG-tests-2] DEBUG io.netty.util.internal.PlatformDependent - maxDirectMemory: 2113929216 bytes (maybe)
07:04:17.443 [TestNG-tests-2] DEBUG io.netty.util.internal.PlatformDependent - -Dio.netty.tmpdir: C:\Users\HATKESH\AppData\Local\Temp (java.io.tmpdir)
07:04:17.443 [TestNG-tests-2] DEBUG io.netty.util.internal.PlatformDependent - -Dio.netty.bitMode: 64 (sun.arch.data.model)
07:04:17.444 [TestNG-tests-2] DEBUG io.netty.util.internal.PlatformDependent - Platform: Windows
07:04:17.446 [TestNG-tests-2] DEBUG io.netty.util.internal.PlatformDependent - -Dio.netty.maxDirectMemory: -1 bytes
07:04:17.446 [TestNG-tests-2] DEBUG io.netty.util.internal.PlatformDependent - -Dio.netty.uninitializedArrayAllocationThreshold: -1
07:04:17.450 [TestNG-tests-2] DEBUG io.netty.util.internal.CleanerJava9 - java.nio.ByteBuffer.cleaner(): available
07:04:17.450 [TestNG-tests-2] DEBUG io.netty.util.internal.PlatformDependent - -Dio.netty.noPreferDirect: false
07:04:17.464 [TestNG-tests-2] DEBUG io.netty.util.internal.PlatformDependent - org.jctools-core.MpscChunkedArrayQueue: available
07:04:17.504 [TestNG-tests-2] DEBUG io.netty.util.internal.InternalThreadLocalMap - -Dio.netty.threadLocalMap.stringBuilder.initialSize: 1024
07:04:17.504 [TestNG-tests-2] DEBUG io.netty.util.internal.InternalThreadLocalMap - -Dio.netty.threadLocalMap.stringBuilder.maxSize: 4096
07:04:17.650 [TestNG-tests-2] DEBUG io.netty.handler.ssl.JdkSslContext - Default protocols (JDK): [TLSv1.3, TLSv1.2] 
07:04:17.651 [TestNG-tests-2] DEBUG io.netty.handler.ssl.JdkSslContext - Default cipher suites (JDK): [TLS_ECDHE_ECDSA_WITH_AES_256_GCM_SHA384, TLS_ECDHE_ECDSA_WITH_AES_128_GCM_SHA256, TLS_ECDHE_RSA_WITH_AES_128_GCM_SHA256, TLS_ECDHE_RSA_WITH_AES_256_GCM_SHA384, TLS_ECDHE_RSA_WITH_AES_128_CBC_SHA, TLS_ECDHE_RSA_WITH_AES_256_CBC_SHA, TLS_RSA_WITH_AES_128_GCM_SHA256, TLS_RSA_WITH_AES_128_CBC_SHA, TLS_RSA_WITH_AES_256_CBC_SHA, TLS_AES_128_GCM_SHA256, TLS_AES_256_GCM_SHA384]
07:04:17.707 [TestNG-tests-2] DEBUG io.netty.channel.MultithreadEventLoopGroup - -Dio.netty.eventLoopThreads: 8
07:04:17.726 [TestNG-tests-2] DEBUG io.netty.channel.nio.NioEventLoop - -Dio.netty.noKeySetOptimization: false
07:04:17.727 [TestNG-tests-2] DEBUG io.netty.channel.nio.NioEventLoop - -Dio.netty.selectorAutoRebuildThreshold: 512
07:04:17.840 [TestNG-tests-2] DEBUG io.netty.buffer.PooledByteBufAllocator - -Dio.netty.allocator.numHeapArenas: 8
07:04:17.840 [TestNG-tests-2] DEBUG io.netty.buffer.PooledByteBufAllocator - -Dio.netty.allocator.numDirectArenas: 8
07:04:17.840 [TestNG-tests-2] DEBUG io.netty.buffer.PooledByteBufAllocator - -Dio.netty.allocator.pageSize: 8192
07:04:17.840 [TestNG-tests-2] DEBUG io.netty.buffer.PooledByteBufAllocator - -Dio.netty.allocator.maxOrder: 9
07:04:17.841 [TestNG-tests-2] DEBUG io.netty.buffer.PooledByteBufAllocator - -Dio.netty.allocator.chunkSize: 4194304
07:04:17.844 [TestNG-tests-2] DEBUG io.netty.buffer.PooledByteBufAllocator - -Dio.netty.allocator.smallCacheSize: 256
07:04:17.844 [TestNG-tests-2] DEBUG io.netty.buffer.PooledByteBufAllocator - -Dio.netty.allocator.normalCacheSize: 64
07:04:17.845 [TestNG-tests-2] DEBUG io.netty.buffer.PooledByteBufAllocator - -Dio.netty.allocator.maxCachedBufferCapacity: 32768
07:04:17.845 [TestNG-tests-2] DEBUG io.netty.buffer.PooledByteBufAllocator - -Dio.netty.allocator.cacheTrimInterval: 8192
07:04:17.845 [TestNG-tests-2] DEBUG io.netty.buffer.PooledByteBufAllocator - -Dio.netty.allocator.cacheTrimIntervalMillis: 0
07:04:17.845 [TestNG-tests-2] DEBUG io.netty.buffer.PooledByteBufAllocator - -Dio.netty.allocator.useCacheForAllThreads: false
07:04:17.846 [TestNG-tests-2] DEBUG io.netty.buffer.PooledByteBufAllocator - -Dio.netty.allocator.maxCachedByteBuffersPerChunk: 1023
07:04:17.873 [TestNG-tests-2] DEBUG io.netty.buffer.ByteBufUtil - -Dio.netty.allocator.type: pooled
07:04:17.873 [TestNG-tests-2] DEBUG io.netty.buffer.ByteBufUtil - -Dio.netty.threadLocalDirectBufferSize: 0
07:04:17.873 [TestNG-tests-2] DEBUG io.netty.buffer.ByteBufUtil - -Dio.netty.maxThreadLocalCharBufferSize: 16384
07:04:18.662 [Forwarding newSession on session null to remote] DEBUG io.netty.channel.DefaultChannelId - -Dio.netty.processId: 12880 (auto-detected)
07:04:18.668 [Forwarding newSession on session null to remote] DEBUG io.netty.util.NetUtil - -Djava.net.preferIPv4Stack: false
07:04:18.668 [Forwarding newSession on session null to remote] DEBUG io.netty.util.NetUtil - -Djava.net.preferIPv6Addresses: false
07:04:18.689 [Forwarding newSession on session null to remote] DEBUG io.netty.util.NetUtilInitializations - Loopback interface: lo (Software Loopback Interface 1, 127.0.0.1)
07:04:18.691 [Forwarding newSession on session null to remote] DEBUG io.netty.util.NetUtil - Failed to get SOMAXCONN from sysctl and file \proc\sys\net\core\somaxconn. Default: 200
07:04:18.765 [Forwarding newSession on session null to remote] DEBUG io.netty.channel.DefaultChannelId - -Dio.netty.machineId: 30:52:cb:ff:fe:44:c3:d9 (auto-detected)
07:04:18.868 [AsyncHttpClient-1-2] DEBUG io.netty.buffer.AbstractByteBuf - -Dio.netty.buffer.checkAccessible: true
07:04:18.868 [AsyncHttpClient-1-2] DEBUG io.netty.buffer.AbstractByteBuf - -Dio.netty.buffer.checkBounds: true
07:04:18.869 [AsyncHttpClient-1-2] DEBUG io.netty.util.ResourceLeakDetectorFactory - Loaded default ResourceLeakDetector: io.netty.util.ResourceLeakDetector@674884ff
07:04:18.952 [AsyncHttpClient-1-3] DEBUG io.netty.util.Recycler - -Dio.netty.recycler.maxCapacityPerThread: 4096
07:04:18.953 [AsyncHttpClient-1-3] DEBUG io.netty.util.Recycler - -Dio.netty.recycler.ratio: 8
07:04:18.953 [AsyncHttpClient-1-3] DEBUG io.netty.util.Recycler - -Dio.netty.recycler.chunkSize: 32
07:04:18.953 [AsyncHttpClient-1-3] DEBUG io.netty.util.Recycler - -Dio.netty.recycler.blocking: false
07:04:21.671 [AsyncHttpClient-1-4] DEBUG io.netty.handler.codec.compression.Brotli - brotli4j not in the classpath; Brotli support will be unavailable.
07:04:22.325 [TestNG-tests-2] DEBUG io.netty.util.internal.ThreadLocalRandom - -Dio.netty.initialSeedUniquifier: 0xc67b8bf26974b3fd
07:04:26.686 [TestNG-tests-2] INFO  testCases.TC_001_AccountRegistrationTest - *******Starting TC_001_AccountRegistrationTest*********
07:04:27.159 [TestNG-tests-3] INFO  testCases.TC_001_AccountRegistrationTest - *******Starting TC_001_AccountRegistrationTest*********
07:04:27.313 [TestNG-tests-2] INFO  testCases.TC_001_AccountRegistrationTest - clicked on MyAccount
07:04:28.353 [TestNG-tests-3] INFO  testCases.TC_001_AccountRegistrationTest - clicked on MyAccount
07:04:29.938 [TestNG-tests-2] INFO  testCases.TC_001_AccountRegistrationTest - clicked on Register
07:04:30.522 [TestNG-tests-2] INFO  testCases.TC_001_AccountRegistrationTest - Provided first name
07:04:30.540 [TestNG-tests-3] INFO  testCases.TC_001_AccountRegistrationTest - clicked on Register
07:04:30.859 [TestNG-tests-2] INFO  testCases.TC_001_AccountRegistrationTest - provided Last name
07:04:30.958 [TestNG-tests-3] INFO  testCases.TC_001_AccountRegistrationTest - Provided first name
07:04:31.208 [TestNG-tests-3] INFO  testCases.TC_001_AccountRegistrationTest - provided Last name
07:04:31.374 [TestNG-tests-2] INFO  testCases.TC_001_AccountRegistrationTest - Provided Email
07:04:31.551 [TestNG-tests-3] INFO  testCases.TC_001_AccountRegistrationTest - Provided Email
07:04:31.650 [TestNG-tests-2] INFO  testCases.TC_001_AccountRegistrationTest - Provided Telephone Number
07:04:31.787 [TestNG-tests-3] INFO  testCases.TC_001_AccountRegistrationTest - Provided Telephone Number
07:04:31.957 [TestNG-tests-2] INFO  testCases.TC_001_AccountRegistrationTest - Provided Password
07:04:32.026 [TestNG-tests-3] INFO  testCases.TC_001_AccountRegistrationTest - Provided Password
07:04:32.436 [TestNG-tests-2] INFO  testCases.TC_001_AccountRegistrationTest - Provided ConfirmPassword
07:04:32.457 [TestNG-tests-3] INFO  testCases.TC_001_AccountRegistrationTest - Provided ConfirmPassword
07:04:33.030 [TestNG-tests-2] INFO  testCases.TC_001_AccountRegistrationTest - Provided PrivatePolicy
07:04:33.120 [TestNG-tests-3] INFO  testCases.TC_001_AccountRegistrationTest - Provided PrivatePolicy
07:04:36.006 [TestNG-tests-1] INFO  testCases.TC_001_AccountRegistrationTest - *******Starting TC_001_AccountRegistrationTest*********
07:04:36.447 [TestNG-tests-1] INFO  testCases.TC_001_AccountRegistrationTest - clicked on MyAccount
07:04:37.062 [TestNG-tests-2] INFO  testCases.TC_001_AccountRegistrationTest - Clicked to Continue
07:04:37.455 [TestNG-tests-3] INFO  testCases.TC_001_AccountRegistrationTest - Clicked to Continue
07:04:37.479 [TestNG-tests-2] INFO  testCases.TC_001_AccountRegistrationTest - *******Finished_TC_001_AccountRgistrationTest*******
07:04:38.078 [TestNG-tests-3] INFO  testCases.TC_001_AccountRegistrationTest - *******Finished_TC_001_AccountRgistrationTest*******
07:04:38.187 [TestNG-tests-1] INFO  testCases.TC_001_AccountRegistrationTest - clicked on Register
07:04:38.404 [TestNG-tests-1] INFO  testCases.TC_001_AccountRegistrationTest - Provided first name
07:04:38.488 [TestNG-tests-1] INFO  testCases.TC_001_AccountRegistrationTest - provided Last name
07:04:38.590 [TestNG-tests-1] INFO  testCases.TC_001_AccountRegistrationTest - Provided Email
07:04:38.653 [TestNG-tests-1] INFO  testCases.TC_001_AccountRegistrationTest - Provided Telephone Number
07:04:38.703 [TestNG-tests-1] INFO  testCases.TC_001_AccountRegistrationTest - Provided Password
07:04:38.751 [TestNG-tests-1] INFO  testCases.TC_001_AccountRegistrationTest - Provided ConfirmPassword
07:04:38.992 [TestNG-tests-1] INFO  testCases.TC_001_AccountRegistrationTest - Provided PrivatePolicy
07:04:42.143 [TestNG-tests-1] INFO  testCases.TC_001_AccountRegistrationTest - Clicked to Continue
07:04:42.182 [TestNG-tests-1] INFO  testCases.TC_001_AccountRegistrationTest - *******Finished_TC_001_AccountRgistrationTest*******
07:15:49.209 [TestNG-tests-2] DEBUG io.netty.util.internal.logging.InternalLoggerFactory - Using Log4J2 as the default logging framework
07:15:49.228 [TestNG-tests-2] DEBUG io.netty.util.ResourceLeakDetector - -Dio.netty.leakDetection.level: simple
07:15:49.228 [TestNG-tests-2] DEBUG io.netty.util.ResourceLeakDetector - -Dio.netty.leakDetection.targetRecords: 4
07:15:49.237 [TestNG-tests-2] DEBUG io.netty.util.ResourceLeakDetectorFactory - Loaded default ResourceLeakDetector: io.netty.util.ResourceLeakDetector@7984261e
07:15:49.282 [TestNG-tests-2] DEBUG io.netty.util.internal.PlatformDependent0 - -Dio.netty.noUnsafe: false
07:15:49.282 [TestNG-tests-2] DEBUG io.netty.util.internal.PlatformDependent0 - Java version: 18
07:15:49.287 [TestNG-tests-2] DEBUG io.netty.util.internal.PlatformDependent0 - sun.misc.Unsafe.theUnsafe: available
07:15:49.289 [TestNG-tests-2] DEBUG io.netty.util.internal.PlatformDependent0 - sun.misc.Unsafe.copyMemory: available
07:15:49.290 [TestNG-tests-2] DEBUG io.netty.util.internal.PlatformDependent0 - java.nio.Buffer.address: available
07:15:49.292 [TestNG-tests-2] DEBUG io.netty.util.internal.PlatformDependent0 - direct buffer constructor: unavailable: Reflective setAccessible(true) disabled
07:15:49.294 [TestNG-tests-2] DEBUG io.netty.util.internal.PlatformDependent0 - java.nio.Bits.unaligned: available, true
07:15:49.298 [TestNG-tests-2] DEBUG io.netty.util.internal.PlatformDependent0 - jdk.internal.misc.Unsafe.allocateUninitializedArray(int): unavailable: class io.netty.util.internal.PlatformDependent0$6 cannot access class jdk.internal.misc.Unsafe (in module java.base) because module java.base does not export jdk.internal.misc to unnamed module @43556938
07:15:49.300 [TestNG-tests-2] DEBUG io.netty.util.internal.PlatformDependent0 - java.nio.DirectByteBuffer.<init>(long, int): unavailable
07:15:49.301 [TestNG-tests-2] DEBUG io.netty.util.internal.PlatformDependent - sun.misc.Unsafe: available
07:15:49.302 [TestNG-tests-2] DEBUG io.netty.util.internal.PlatformDependent - maxDirectMemory: 2113929216 bytes (maybe)
07:15:49.302 [TestNG-tests-2] DEBUG io.netty.util.internal.PlatformDependent - -Dio.netty.tmpdir: C:\Users\HATKESH\AppData\Local\Temp (java.io.tmpdir)
07:15:49.303 [TestNG-tests-2] DEBUG io.netty.util.internal.PlatformDependent - -Dio.netty.bitMode: 64 (sun.arch.data.model)
07:15:49.304 [TestNG-tests-2] DEBUG io.netty.util.internal.PlatformDependent - Platform: Windows
07:15:49.305 [TestNG-tests-2] DEBUG io.netty.util.internal.PlatformDependent - -Dio.netty.maxDirectMemory: -1 bytes
07:15:49.306 [TestNG-tests-2] DEBUG io.netty.util.internal.PlatformDependent - -Dio.netty.uninitializedArrayAllocationThreshold: -1
07:15:49.308 [TestNG-tests-2] DEBUG io.netty.util.internal.CleanerJava9 - java.nio.ByteBuffer.cleaner(): available
07:15:49.308 [TestNG-tests-2] DEBUG io.netty.util.internal.PlatformDependent - -Dio.netty.noPreferDirect: false
07:15:49.324 [TestNG-tests-2] DEBUG io.netty.util.internal.PlatformDependent - org.jctools-core.MpscChunkedArrayQueue: available
07:15:49.360 [TestNG-tests-2] DEBUG io.netty.util.internal.InternalThreadLocalMap - -Dio.netty.threadLocalMap.stringBuilder.initialSize: 1024
07:15:49.360 [TestNG-tests-2] DEBUG io.netty.util.internal.InternalThreadLocalMap - -Dio.netty.threadLocalMap.stringBuilder.maxSize: 4096
07:15:49.456 [TestNG-tests-2] DEBUG io.netty.handler.ssl.JdkSslContext - Default protocols (JDK): [TLSv1.3, TLSv1.2] 
07:15:49.457 [TestNG-tests-2] DEBUG io.netty.handler.ssl.JdkSslContext - Default cipher suites (JDK): [TLS_ECDHE_ECDSA_WITH_AES_256_GCM_SHA384, TLS_ECDHE_ECDSA_WITH_AES_128_GCM_SHA256, TLS_ECDHE_RSA_WITH_AES_128_GCM_SHA256, TLS_ECDHE_RSA_WITH_AES_256_GCM_SHA384, TLS_ECDHE_RSA_WITH_AES_128_CBC_SHA, TLS_ECDHE_RSA_WITH_AES_256_CBC_SHA, TLS_RSA_WITH_AES_128_GCM_SHA256, TLS_RSA_WITH_AES_128_CBC_SHA, TLS_RSA_WITH_AES_256_CBC_SHA, TLS_AES_128_GCM_SHA256, TLS_AES_256_GCM_SHA384]
07:15:49.495 [TestNG-tests-2] DEBUG io.netty.channel.MultithreadEventLoopGroup - -Dio.netty.eventLoopThreads: 8
07:15:49.507 [TestNG-tests-2] DEBUG io.netty.channel.nio.NioEventLoop - -Dio.netty.noKeySetOptimization: false
07:15:49.508 [TestNG-tests-2] DEBUG io.netty.channel.nio.NioEventLoop - -Dio.netty.selectorAutoRebuildThreshold: 512
07:15:49.567 [TestNG-tests-2] DEBUG io.netty.buffer.PooledByteBufAllocator - -Dio.netty.allocator.numHeapArenas: 8
07:15:49.567 [TestNG-tests-2] DEBUG io.netty.buffer.PooledByteBufAllocator - -Dio.netty.allocator.numDirectArenas: 8
07:15:49.568 [TestNG-tests-2] DEBUG io.netty.buffer.PooledByteBufAllocator - -Dio.netty.allocator.pageSize: 8192
07:15:49.568 [TestNG-tests-2] DEBUG io.netty.buffer.PooledByteBufAllocator - -Dio.netty.allocator.maxOrder: 9
07:15:49.568 [TestNG-tests-2] DEBUG io.netty.buffer.PooledByteBufAllocator - -Dio.netty.allocator.chunkSize: 4194304
07:15:49.568 [TestNG-tests-2] DEBUG io.netty.buffer.PooledByteBufAllocator - -Dio.netty.allocator.smallCacheSize: 256
07:15:49.568 [TestNG-tests-2] DEBUG io.netty.buffer.PooledByteBufAllocator - -Dio.netty.allocator.normalCacheSize: 64
07:15:49.568 [TestNG-tests-2] DEBUG io.netty.buffer.PooledByteBufAllocator - -Dio.netty.allocator.maxCachedBufferCapacity: 32768
07:15:49.568 [TestNG-tests-2] DEBUG io.netty.buffer.PooledByteBufAllocator - -Dio.netty.allocator.cacheTrimInterval: 8192
07:15:49.569 [TestNG-tests-2] DEBUG io.netty.buffer.PooledByteBufAllocator - -Dio.netty.allocator.cacheTrimIntervalMillis: 0
07:15:49.569 [TestNG-tests-2] DEBUG io.netty.buffer.PooledByteBufAllocator - -Dio.netty.allocator.useCacheForAllThreads: false
07:15:49.569 [TestNG-tests-2] DEBUG io.netty.buffer.PooledByteBufAllocator - -Dio.netty.allocator.maxCachedByteBuffersPerChunk: 1023
07:15:49.587 [TestNG-tests-2] DEBUG io.netty.buffer.ByteBufUtil - -Dio.netty.allocator.type: pooled
07:15:49.588 [TestNG-tests-2] DEBUG io.netty.buffer.ByteBufUtil - -Dio.netty.threadLocalDirectBufferSize: 0
07:15:49.588 [TestNG-tests-2] DEBUG io.netty.buffer.ByteBufUtil - -Dio.netty.maxThreadLocalCharBufferSize: 16384
07:15:50.433 [Forwarding newSession on session null to remote] DEBUG io.netty.channel.DefaultChannelId - -Dio.netty.processId: 2308 (auto-detected)
07:15:50.440 [Forwarding newSession on session null to remote] DEBUG io.netty.util.NetUtil - -Djava.net.preferIPv4Stack: false
07:15:50.440 [Forwarding newSession on session null to remote] DEBUG io.netty.util.NetUtil - -Djava.net.preferIPv6Addresses: false
07:15:50.465 [Forwarding newSession on session null to remote] DEBUG io.netty.util.NetUtilInitializations - Loopback interface: lo (Software Loopback Interface 1, 127.0.0.1)
07:15:50.467 [Forwarding newSession on session null to remote] DEBUG io.netty.util.NetUtil - Failed to get SOMAXCONN from sysctl and file \proc\sys\net\core\somaxconn. Default: 200
07:15:50.555 [Forwarding newSession on session null to remote] DEBUG io.netty.channel.DefaultChannelId - -Dio.netty.machineId: 30:52:cb:ff:fe:44:c3:d9 (auto-detected)
07:15:50.672 [AsyncHttpClient-1-2] DEBUG io.netty.buffer.AbstractByteBuf - -Dio.netty.buffer.checkAccessible: true
07:15:50.673 [AsyncHttpClient-1-2] DEBUG io.netty.buffer.AbstractByteBuf - -Dio.netty.buffer.checkBounds: true
07:15:50.673 [AsyncHttpClient-1-2] DEBUG io.netty.util.ResourceLeakDetectorFactory - Loaded default ResourceLeakDetector: io.netty.util.ResourceLeakDetector@30b6b690
07:15:50.717 [AsyncHttpClient-1-2] DEBUG io.netty.util.Recycler - -Dio.netty.recycler.maxCapacityPerThread: 4096
07:15:50.718 [AsyncHttpClient-1-2] DEBUG io.netty.util.Recycler - -Dio.netty.recycler.ratio: 8
07:15:50.718 [AsyncHttpClient-1-2] DEBUG io.netty.util.Recycler - -Dio.netty.recycler.chunkSize: 32
07:15:50.718 [AsyncHttpClient-1-2] DEBUG io.netty.util.Recycler - -Dio.netty.recycler.blocking: false
07:15:53.026 [AsyncHttpClient-1-3] DEBUG io.netty.handler.codec.compression.Brotli - brotli4j not in the classpath; Brotli support will be unavailable.
07:15:53.788 [TestNG-tests-2] DEBUG io.netty.util.internal.ThreadLocalRandom - -Dio.netty.initialSeedUniquifier: 0xfa8e7277567748af
07:15:59.919 [TestNG-tests-2] INFO  testCases.TC_001_AccountRegistrationTest - *******Starting TC_001_AccountRegistrationTest*********
07:15:59.920 [TestNG-tests-1] INFO  testCases.TC_001_AccountRegistrationTest - *******Starting TC_001_AccountRegistrationTest*********
07:16:00.448 [TestNG-tests-2] INFO  testCases.TC_001_AccountRegistrationTest - clicked on MyAccount
07:16:01.059 [TestNG-tests-1] INFO  testCases.TC_001_AccountRegistrationTest - clicked on MyAccount
07:16:03.155 [TestNG-tests-2] INFO  testCases.TC_001_AccountRegistrationTest - clicked on Register
07:16:04.287 [TestNG-tests-2] INFO  testCases.TC_001_AccountRegistrationTest - Provided first name
07:16:04.365 [TestNG-tests-1] INFO  testCases.TC_001_AccountRegistrationTest - clicked on Register
07:16:04.588 [TestNG-tests-2] INFO  testCases.TC_001_AccountRegistrationTest - provided Last name
07:16:04.902 [TestNG-tests-1] INFO  testCases.TC_001_AccountRegistrationTest - Provided first name
07:16:05.294 [TestNG-tests-2] INFO  testCases.TC_001_AccountRegistrationTest - Provided Email
07:16:05.631 [TestNG-tests-1] INFO  testCases.TC_001_AccountRegistrationTest - provided Last name
07:16:05.656 [TestNG-tests-2] INFO  testCases.TC_001_AccountRegistrationTest - Provided Telephone Number
07:16:06.091 [TestNG-tests-1] INFO  testCases.TC_001_AccountRegistrationTest - Provided Email
07:16:06.097 [TestNG-tests-2] INFO  testCases.TC_001_AccountRegistrationTest - Provided Password
07:16:06.362 [TestNG-tests-2] INFO  testCases.TC_001_AccountRegistrationTest - Provided ConfirmPassword
07:16:06.380 [TestNG-tests-1] INFO  testCases.TC_001_AccountRegistrationTest - Provided Telephone Number
07:16:06.522 [TestNG-tests-2] INFO  testCases.TC_001_AccountRegistrationTest - Provided PrivatePolicy
07:16:06.657 [TestNG-tests-1] INFO  testCases.TC_001_AccountRegistrationTest - Provided Password
07:16:06.962 [TestNG-tests-1] INFO  testCases.TC_001_AccountRegistrationTest - Provided ConfirmPassword
07:16:07.322 [TestNG-tests-1] INFO  testCases.TC_001_AccountRegistrationTest - Provided PrivatePolicy
07:16:11.040 [TestNG-tests-2] INFO  testCases.TC_001_AccountRegistrationTest - Clicked to Continue
07:16:11.192 [TestNG-tests-2] INFO  testCases.TC_001_AccountRegistrationTest - *******Finished_TC_001_AccountRgistrationTest*******
07:16:12.349 [TestNG-tests-1] INFO  testCases.TC_001_AccountRegistrationTest - Clicked to Continue
07:16:12.685 [TestNG-tests-1] INFO  testCases.TC_001_AccountRegistrationTest - *******Finished_TC_001_AccountRgistrationTest*******
07:16:12.782 [TestNG-tests-3] INFO  testCases.TC_001_AccountRegistrationTest - *******Starting TC_001_AccountRegistrationTest*********
07:16:13.137 [TestNG-tests-3] INFO  testCases.TC_001_AccountRegistrationTest - clicked on MyAccount
07:16:14.224 [TestNG-tests-3] INFO  testCases.TC_001_AccountRegistrationTest - clicked on Register
07:16:14.435 [TestNG-tests-3] INFO  testCases.TC_001_AccountRegistrationTest - Provided first name
07:16:14.489 [TestNG-tests-3] INFO  testCases.TC_001_AccountRegistrationTest - provided Last name
07:16:14.598 [TestNG-tests-3] INFO  testCases.TC_001_AccountRegistrationTest - Provided Email
07:16:14.656 [TestNG-tests-3] INFO  testCases.TC_001_AccountRegistrationTest - Provided Telephone Number
07:16:14.723 [TestNG-tests-3] INFO  testCases.TC_001_AccountRegistrationTest - Provided Password
07:16:14.819 [TestNG-tests-3] INFO  testCases.TC_001_AccountRegistrationTest - Provided ConfirmPassword
07:16:15.106 [TestNG-tests-3] INFO  testCases.TC_001_AccountRegistrationTest - Provided PrivatePolicy
07:16:18.302 [TestNG-tests-3] INFO  testCases.TC_001_AccountRegistrationTest - Clicked to Continue
07:16:18.354 [TestNG-tests-3] INFO  testCases.TC_001_AccountRegistrationTest - *******Finished_TC_001_AccountRgistrationTest*******
10:41:58.418 [main] DEBUG io.netty.util.internal.logging.InternalLoggerFactory - Using Log4J2 as the default logging framework
10:41:58.432 [main] DEBUG io.netty.util.ResourceLeakDetector - -Dio.netty.leakDetection.level: simple
10:41:58.432 [main] DEBUG io.netty.util.ResourceLeakDetector - -Dio.netty.leakDetection.targetRecords: 4
10:41:58.438 [main] DEBUG io.netty.util.ResourceLeakDetectorFactory - Loaded default ResourceLeakDetector: io.netty.util.ResourceLeakDetector@18eec010
10:41:58.466 [main] DEBUG io.netty.util.internal.PlatformDependent0 - -Dio.netty.noUnsafe: false
10:41:58.466 [main] DEBUG io.netty.util.internal.PlatformDependent0 - Java version: 18
10:41:58.467 [main] DEBUG io.netty.util.internal.PlatformDependent0 - sun.misc.Unsafe.theUnsafe: available
10:41:58.468 [main] DEBUG io.netty.util.internal.PlatformDependent0 - sun.misc.Unsafe.copyMemory: available
10:41:58.469 [main] DEBUG io.netty.util.internal.PlatformDependent0 - java.nio.Buffer.address: available
10:41:58.470 [main] DEBUG io.netty.util.internal.PlatformDependent0 - direct buffer constructor: unavailable: Reflective setAccessible(true) disabled
10:41:58.470 [main] DEBUG io.netty.util.internal.PlatformDependent0 - java.nio.Bits.unaligned: available, true
10:41:58.472 [main] DEBUG io.netty.util.internal.PlatformDependent0 - jdk.internal.misc.Unsafe.allocateUninitializedArray(int): unavailable: class io.netty.util.internal.PlatformDependent0$6 cannot access class jdk.internal.misc.Unsafe (in module java.base) because module java.base does not export jdk.internal.misc to unnamed module @43556938
10:41:58.473 [main] DEBUG io.netty.util.internal.PlatformDependent0 - java.nio.DirectByteBuffer.<init>(long, int): unavailable
10:41:58.473 [main] DEBUG io.netty.util.internal.PlatformDependent - sun.misc.Unsafe: available
10:41:58.474 [main] DEBUG io.netty.util.internal.PlatformDependent - maxDirectMemory: 2113929216 bytes (maybe)
10:41:58.475 [main] DEBUG io.netty.util.internal.PlatformDependent - -Dio.netty.tmpdir: C:\Users\HATKESH\AppData\Local\Temp (java.io.tmpdir)
10:41:58.475 [main] DEBUG io.netty.util.internal.PlatformDependent - -Dio.netty.bitMode: 64 (sun.arch.data.model)
10:41:58.475 [main] DEBUG io.netty.util.internal.PlatformDependent - Platform: Windows
10:41:58.476 [main] DEBUG io.netty.util.internal.PlatformDependent - -Dio.netty.maxDirectMemory: -1 bytes
10:41:58.476 [main] DEBUG io.netty.util.internal.PlatformDependent - -Dio.netty.uninitializedArrayAllocationThreshold: -1
10:41:58.479 [main] DEBUG io.netty.util.internal.CleanerJava9 - java.nio.ByteBuffer.cleaner(): available
10:41:58.479 [main] DEBUG io.netty.util.internal.PlatformDependent - -Dio.netty.noPreferDirect: false
10:41:58.491 [main] DEBUG io.netty.util.internal.PlatformDependent - org.jctools-core.MpscChunkedArrayQueue: available
10:41:58.517 [main] DEBUG io.netty.util.internal.InternalThreadLocalMap - -Dio.netty.threadLocalMap.stringBuilder.initialSize: 1024
10:41:58.518 [main] DEBUG io.netty.util.internal.InternalThreadLocalMap - -Dio.netty.threadLocalMap.stringBuilder.maxSize: 4096
10:41:58.547 [main] DEBUG io.netty.handler.ssl.JdkSslContext - Default protocols (JDK): [TLSv1.3, TLSv1.2] 
10:41:58.547 [main] DEBUG io.netty.handler.ssl.JdkSslContext - Default cipher suites (JDK): [TLS_ECDHE_ECDSA_WITH_AES_256_GCM_SHA384, TLS_ECDHE_ECDSA_WITH_AES_128_GCM_SHA256, TLS_ECDHE_RSA_WITH_AES_128_GCM_SHA256, TLS_ECDHE_RSA_WITH_AES_256_GCM_SHA384, TLS_ECDHE_RSA_WITH_AES_128_CBC_SHA, TLS_ECDHE_RSA_WITH_AES_256_CBC_SHA, TLS_RSA_WITH_AES_128_GCM_SHA256, TLS_RSA_WITH_AES_128_CBC_SHA, TLS_RSA_WITH_AES_256_CBC_SHA, TLS_AES_128_GCM_SHA256, TLS_AES_256_GCM_SHA384]
