10:58:23.943 [main] DEBUG io.netty.buffer.PooledByteBufAllocator - -Dio.netty.allocator.useCacheForAllThreads: false
10:58:23.954 [main] DEBUG io.netty.buffer.PooledByteBufAllocator - -Dio.netty.allocator.maxCachedByteBuffersPerChunk: 1023
10:58:23.975 [main] DEBUG io.netty.buffer.ByteBufUtil - -Dio.netty.allocator.type: pooled
10:58:23.975 [main] DEBUG io.netty.buffer.ByteBufUtil - -Dio.netty.threadLocalDirectBufferSize: 0
10:58:23.975 [main] DEBUG io.netty.buffer.ByteBufUtil - -Dio.netty.maxThreadLocalCharBufferSize: 16384
10:58:24.853 [Forwarding newSession on session null to remote] DEBUG io.netty.channel.DefaultChannelId - -Dio.netty.processId: 4616 (auto-detected)
10:58:24.862 [Forwarding newSession on session null to remote] DEBUG io.netty.util.NetUtil - -Djava.net.preferIPv4Stack: false
10:58:24.862 [Forwarding newSession on session null to remote] DEBUG io.netty.util.NetUtil - -Djava.net.preferIPv6Addresses: false
10:58:25.186 [Forwarding newSession on session null to remote] DEBUG io.netty.util.NetUtilInitializations - Loopback interface: lo (Software Loopback Interface 1, 127.0.0.1)
10:58:25.188 [Forwarding newSession on session null to remote] DEBUG io.netty.util.NetUtil - Failed to get SOMAXCONN from sysctl and file \proc\sys\net\core\somaxconn. Default: 200
10:58:25.417 [Forwarding newSession on session null to remote] DEBUG io.netty.channel.DefaultChannelId - -Dio.netty.machineId: 30:52:cb:ff:fe:44:c3:d9 (auto-detected)
10:58:25.492 [AsyncHttpClient-1-2] DEBUG io.netty.buffer.AbstractByteBuf - -Dio.netty.buffer.checkAccessible: true
10:58:25.493 [AsyncHttpClient-1-2] DEBUG io.netty.buffer.AbstractByteBuf - -Dio.netty.buffer.checkBounds: true
10:58:25.493 [AsyncHttpClient-1-2] DEBUG io.netty.util.ResourceLeakDetectorFactory - Loaded default ResourceLeakDetector: io.netty.util.ResourceLeakDetector@69188ddc
10:58:25.529 [AsyncHttpClient-1-2] DEBUG io.netty.util.Recycler - -Dio.netty.recycler.maxCapacityPerThread: 4096
10:58:25.529 [AsyncHttpClient-1-2] DEBUG io.netty.util.Recycler - -Dio.netty.recycler.ratio: 8
10:58:25.529 [AsyncHttpClient-1-2] DEBUG io.netty.util.Recycler - -Dio.netty.recycler.chunkSize: 32
10:58:25.529 [AsyncHttpClient-1-2] DEBUG io.netty.util.Recycler - -Dio.netty.recycler.blocking: false
10:58:26.626 [AsyncHttpClient-1-2] DEBUG io.netty.handler.codec.compression.Brotli - brotli4j not in the classpath; Brotli support will be unavailable.
10:58:27.044 [main] DEBUG io.netty.util.internal.ThreadLocalRandom - -Dio.netty.initialSeedUniquifier: 0x7c6da37fb6508728
10:58:28.369 [main] INFO  testCases.TC_001_AccountRegistrationTest - *******Starting TC_001_AccountRegistrationTest*********
10:58:29.006 [main] INFO  testCases.TC_001_AccountRegistrationTest - clicked on MyAccount
10:58:29.724 [main] INFO  testCases.TC_001_AccountRegistrationTest - clicked on Register
10:58:29.920 [main] INFO  testCases.TC_001_AccountRegistrationTest - Provided first name
10:58:30.165 [main] INFO  testCases.TC_001_AccountRegistrationTest - provided Last name
10:58:30.391 [main] INFO  testCases.TC_001_AccountRegistrationTest - Provided Email
10:58:30.505 [main] INFO  testCases.TC_001_AccountRegistrationTest - Provided Telephone Number
10:58:30.644 [main] INFO  testCases.TC_001_AccountRegistrationTest - Provided Password
10:58:30.768 [main] INFO  testCases.TC_001_AccountRegistrationTest - Provided ConfirmPassword
10:58:30.872 [main] INFO  testCases.TC_001_AccountRegistrationTest - Provided PrivatePolicy
10:58:33.483 [main] INFO  testCases.TC_001_AccountRegistrationTest - Clicked to Continue
10:58:33.527 [main] INFO  testCases.TC_001_AccountRegistrationTest - *******Finished_TC_001_AccountRgistrationTest*******
10:58:36.509 [main] INFO  testCases.TC_002_LoginTest - ****** Starting TC_002_LoginTest******
10:58:37.074 [main] INFO  testCases.TC_002_LoginTest - clicked on MyAccount
10:58:37.695 [main] INFO  testCases.TC_002_LoginTest - clicked on Login
10:58:37.885 [main] INFO  testCases.TC_002_LoginTest - Provided E-mail Address
10:58:38.022 [main] INFO  testCases.TC_002_LoginTest - Provided Password
10:58:38.582 [main] INFO  testCases.TC_002_LoginTest - Clicked to Login
10:58:38.689 [main] INFO  testCases.TC_002_LoginTest - ****** Finished TC_002_LoginTest *******
10:59:34.361 [main] DEBUG io.netty.util.internal.logging.InternalLoggerFactory - Using Log4J2 as the default logging framework
10:59:34.377 [main] DEBUG io.netty.util.ResourceLeakDetector - -Dio.netty.leakDetection.level: simple
10:59:34.377 [main] DEBUG io.netty.util.ResourceLeakDetector - -Dio.netty.leakDetection.targetRecords: 4
10:59:34.388 [main] DEBUG io.netty.util.ResourceLeakDetectorFactory - Loaded default ResourceLeakDetector: io.netty.util.ResourceLeakDetector@54bca971
10:59:34.437 [main] DEBUG io.netty.util.internal.PlatformDependent0 - -Dio.netty.noUnsafe: false
10:59:34.437 [main] DEBUG io.netty.util.internal.PlatformDependent0 - Java version: 11
10:59:34.441 [main] DEBUG io.netty.util.internal.PlatformDependent0 - sun.misc.Unsafe.theUnsafe: available
10:59:34.443 [main] DEBUG io.netty.util.internal.PlatformDependent0 - sun.misc.Unsafe.copyMemory: available
10:59:34.444 [main] DEBUG io.netty.util.internal.PlatformDependent0 - java.nio.Buffer.address: available
10:59:34.445 [main] DEBUG io.netty.util.internal.PlatformDependent0 - direct buffer constructor: unavailable: Reflective setAccessible(true) disabled
10:59:34.447 [main] DEBUG io.netty.util.internal.PlatformDependent0 - java.nio.Bits.unaligned: available, true
10:59:34.450 [main] DEBUG io.netty.util.internal.PlatformDependent0 - jdk.internal.misc.Unsafe.allocateUninitializedArray(int): unavailable: class io.netty.util.internal.PlatformDependent0$6 cannot access class jdk.internal.misc.Unsafe (in module java.base) because module java.base does not export jdk.internal.misc to unnamed module @63787180
10:59:34.454 [main] DEBUG io.netty.util.internal.PlatformDependent0 - java.nio.DirectByteBuffer.<init>(long, int): unavailable
10:59:34.454 [main] DEBUG io.netty.util.internal.PlatformDependent - sun.misc.Unsafe: available
10:59:34.456 [main] DEBUG io.netty.util.internal.PlatformDependent - maxDirectMemory: 2113929216 bytes (maybe)
10:59:34.456 [main] DEBUG io.netty.util.internal.PlatformDependent - -Dio.netty.tmpdir: C:\Users\HATKESH\AppData\Local\Temp (java.io.tmpdir)
10:59:34.457 [main] DEBUG io.netty.util.internal.PlatformDependent - -Dio.netty.bitMode: 64 (sun.arch.data.model)
10:59:34.457 [main] DEBUG io.netty.util.internal.PlatformDependent - Platform: Windows
10:59:34.459 [main] DEBUG io.netty.util.internal.PlatformDependent - -Dio.netty.maxDirectMemory: -1 bytes
10:59:34.459 [main] DEBUG io.netty.util.internal.PlatformDependent - -Dio.netty.uninitializedArrayAllocationThreshold: -1
10:59:34.461 [main] DEBUG io.netty.util.internal.CleanerJava9 - java.nio.ByteBuffer.cleaner(): available
10:59:34.461 [main] DEBUG io.netty.util.internal.PlatformDependent - -Dio.netty.noPreferDirect: false
10:59:34.478 [main] DEBUG io.netty.util.internal.PlatformDependent - org.jctools-core.MpscChunkedArrayQueue: available
10:59:34.516 [main] DEBUG io.netty.util.internal.InternalThreadLocalMap - -Dio.netty.threadLocalMap.stringBuilder.initialSize: 1024
10:59:34.516 [main] DEBUG io.netty.util.internal.InternalThreadLocalMap - -Dio.netty.threadLocalMap.stringBuilder.maxSize: 4096
10:59:34.566 [main] DEBUG io.netty.handler.ssl.JdkSslContext - Default protocols (JDK): [TLSv1.3, TLSv1.2] 
10:59:34.566 [main] DEBUG io.netty.handler.ssl.JdkSslContext - Default cipher suites (JDK): [TLS_ECDHE_ECDSA_WITH_AES_256_GCM_SHA384, TLS_ECDHE_ECDSA_WITH_AES_128_GCM_SHA256, TLS_ECDHE_RSA_WITH_AES_128_GCM_SHA256, TLS_ECDHE_RSA_WITH_AES_256_GCM_SHA384, TLS_ECDHE_RSA_WITH_AES_128_CBC_SHA, TLS_ECDHE_RSA_WITH_AES_256_CBC_SHA, TLS_RSA_WITH_AES_128_GCM_SHA256, TLS_RSA_WITH_AES_128_CBC_SHA, TLS_RSA_WITH_AES_256_CBC_SHA, TLS_AES_128_GCM_SHA256, TLS_AES_256_GCM_SHA384]
10:59:34.626 [main] DEBUG io.netty.channel.MultithreadEventLoopGroup - -Dio.netty.eventLoopThreads: 8
10:59:34.643 [main] DEBUG io.netty.channel.nio.NioEventLoop - -Dio.netty.noKeySetOptimization: false
10:59:34.644 [main] DEBUG io.netty.channel.nio.NioEventLoop - -Dio.netty.selectorAutoRebuildThreshold: 512
10:59:34.699 [main] DEBUG io.netty.buffer.PooledByteBufAllocator - -Dio.netty.allocator.numHeapArenas: 8
10:59:34.699 [main] DEBUG io.netty.buffer.PooledByteBufAllocator - -Dio.netty.allocator.numDirectArenas: 8
10:59:34.700 [main] DEBUG io.netty.buffer.PooledByteBufAllocator - -Dio.netty.allocator.pageSize: 8192
10:59:34.700 [main] DEBUG io.netty.buffer.PooledByteBufAllocator - -Dio.netty.allocator.maxOrder: 9
10:59:34.700 [main] DEBUG io.netty.buffer.PooledByteBufAllocator - -Dio.netty.allocator.chunkSize: 4194304
10:59:34.700 [main] DEBUG io.netty.buffer.PooledByteBufAllocator - -Dio.netty.allocator.smallCacheSize: 256
10:59:34.700 [main] DEBUG io.netty.buffer.PooledByteBufAllocator - -Dio.netty.allocator.normalCacheSize: 64
10:59:34.700 [main] DEBUG io.netty.buffer.PooledByteBufAllocator - -Dio.netty.allocator.maxCachedBufferCapacity: 32768
10:59:34.700 [main] DEBUG io.netty.buffer.PooledByteBufAllocator - -Dio.netty.allocator.cacheTrimInterval: 8192
10:59:34.700 [main] DEBUG io.netty.buffer.PooledByteBufAllocator - -Dio.netty.allocator.cacheTrimIntervalMillis: 0
10:59:34.700 [main] DEBUG io.netty.buffer.PooledByteBufAllocator - -Dio.netty.allocator.useCacheForAllThreads: false
10:59:34.701 [main] DEBUG io.netty.buffer.PooledByteBufAllocator - -Dio.netty.allocator.maxCachedByteBuffersPerChunk: 1023
10:59:34.718 [main] DEBUG io.netty.buffer.ByteBufUtil - -Dio.netty.allocator.type: pooled
10:59:34.718 [main] DEBUG io.netty.buffer.ByteBufUtil - -Dio.netty.threadLocalDirectBufferSize: 0
10:59:34.719 [main] DEBUG io.netty.buffer.ByteBufUtil - -Dio.netty.maxThreadLocalCharBufferSize: 16384
10:59:35.435 [Forwarding newSession on session null to remote] DEBUG io.netty.channel.DefaultChannelId - -Dio.netty.processId: 12536 (auto-detected)
10:59:35.441 [Forwarding newSession on session null to remote] DEBUG io.netty.util.NetUtil - -Djava.net.preferIPv4Stack: false
10:59:35.441 [Forwarding newSession on session null to remote] DEBUG io.netty.util.NetUtil - -Djava.net.preferIPv6Addresses: false
10:59:35.779 [Forwarding newSession on session null to remote] DEBUG io.netty.util.NetUtilInitializations - Loopback interface: lo (Software Loopback Interface 1, 127.0.0.1)
10:59:35.780 [Forwarding newSession on session null to remote] DEBUG io.netty.util.NetUtil - Failed to get SOMAXCONN from sysctl and file \proc\sys\net\core\somaxconn. Default: 200
10:59:36.106 [Forwarding newSession on session null to remote] DEBUG io.netty.channel.DefaultChannelId - -Dio.netty.machineId: 30:52:cb:ff:fe:44:c3:d9 (auto-detected)
10:59:36.200 [AsyncHttpClient-1-2] DEBUG io.netty.buffer.AbstractByteBuf - -Dio.netty.buffer.checkAccessible: true
10:59:36.201 [AsyncHttpClient-1-2] DEBUG io.netty.buffer.AbstractByteBuf - -Dio.netty.buffer.checkBounds: true
10:59:36.201 [AsyncHttpClient-1-2] DEBUG io.netty.util.ResourceLeakDetectorFactory - Loaded default ResourceLeakDetector: io.netty.util.ResourceLeakDetector@59738a2f
10:59:36.245 [AsyncHttpClient-1-2] DEBUG io.netty.util.Recycler - -Dio.netty.recycler.maxCapacityPerThread: 4096
10:59:36.245 [AsyncHttpClient-1-2] DEBUG io.netty.util.Recycler - -Dio.netty.recycler.ratio: 8
10:59:36.245 [AsyncHttpClient-1-2] DEBUG io.netty.util.Recycler - -Dio.netty.recycler.chunkSize: 32
10:59:36.245 [AsyncHttpClient-1-2] DEBUG io.netty.util.Recycler - -Dio.netty.recycler.blocking: false
10:59:37.448 [AsyncHttpClient-1-2] DEBUG io.netty.handler.codec.compression.Brotli - brotli4j not in the classpath; Brotli support will be unavailable.
10:59:37.733 [main] DEBUG io.netty.util.internal.ThreadLocalRandom - -Dio.netty.initialSeedUniquifier: 0x22a58298e4c4e177
10:59:39.082 [main] INFO  testCases.TC_001_AccountRegistrationTest - *******Starting TC_001_AccountRegistrationTest*********
10:59:39.745 [main] INFO  testCases.TC_001_AccountRegistrationTest - clicked on MyAccount
10:59:40.524 [main] INFO  testCases.TC_001_AccountRegistrationTest - clicked on Register
10:59:40.684 [main] INFO  testCases.TC_001_AccountRegistrationTest - Provided first name
10:59:40.871 [main] INFO  testCases.TC_001_AccountRegistrationTest - provided Last name
10:59:41.038 [main] INFO  testCases.TC_001_AccountRegistrationTest - Provided Email
10:59:41.178 [main] INFO  testCases.TC_001_AccountRegistrationTest - Provided Telephone Number
10:59:41.310 [main] INFO  testCases.TC_001_AccountRegistrationTest - Provided Password
10:59:41.441 [main] INFO  testCases.TC_001_AccountRegistrationTest - Provided ConfirmPassword
10:59:41.542 [main] INFO  testCases.TC_001_AccountRegistrationTest - Provided PrivatePolicy
10:59:44.124 [main] INFO  testCases.TC_001_AccountRegistrationTest - Clicked to Continue
10:59:44.170 [main] INFO  testCases.TC_001_AccountRegistrationTest - *******Finished_TC_001_AccountRgistrationTest*******
10:59:47.236 [main] INFO  testCases.TC_002_LoginTest - ****** Starting TC_002_LoginTest******
10:59:47.892 [main] INFO  testCases.TC_002_LoginTest - clicked on MyAccount
10:59:48.491 [main] INFO  testCases.TC_002_LoginTest - clicked on Login
10:59:48.716 [main] INFO  testCases.TC_002_LoginTest - Provided E-mail Address
10:59:48.859 [main] INFO  testCases.TC_002_LoginTest - Provided Password
10:59:49.507 [main] INFO  testCases.TC_002_LoginTest - Clicked to Login
10:59:49.587 [main] INFO  testCases.TC_002_LoginTest - ****** Finished TC_002_LoginTest *******
11:05:32.300 [main] DEBUG io.netty.util.internal.logging.InternalLoggerFactory - Using Log4J2 as the default logging framework
11:05:32.324 [main] DEBUG io.netty.util.ResourceLeakDetector - -Dio.netty.leakDetection.level: simple
11:05:32.324 [main] DEBUG io.netty.util.ResourceLeakDetector - -Dio.netty.leakDetection.targetRecords: 4
11:05:32.336 [main] DEBUG io.netty.util.ResourceLeakDetectorFactory - Loaded default ResourceLeakDetector: io.netty.util.ResourceLeakDetector@623dcf2a
11:05:32.401 [main] DEBUG io.netty.util.internal.PlatformDependent0 - -Dio.netty.noUnsafe: false
11:05:32.402 [main] DEBUG io.netty.util.internal.PlatformDependent0 - Java version: 11
11:05:32.405 [main] DEBUG io.netty.util.internal.PlatformDependent0 - sun.misc.Unsafe.theUnsafe: available
11:05:32.407 [main] DEBUG io.netty.util.internal.PlatformDependent0 - sun.misc.Unsafe.copyMemory: available
11:05:32.409 [main] DEBUG io.netty.util.internal.PlatformDependent0 - java.nio.Buffer.address: available
11:05:32.410 [main] DEBUG io.netty.util.internal.PlatformDependent0 - direct buffer constructor: unavailable: Reflective setAccessible(true) disabled
11:05:32.412 [main] DEBUG io.netty.util.internal.PlatformDependent0 - java.nio.Bits.unaligned: available, true
11:05:32.415 [main] DEBUG io.netty.util.internal.PlatformDependent0 - jdk.internal.misc.Unsafe.allocateUninitializedArray(int): unavailable: class io.netty.util.internal.PlatformDependent0$6 cannot access class jdk.internal.misc.Unsafe (in module java.base) because module java.base does not export jdk.internal.misc to unnamed module @63787180
11:05:32.418 [main] DEBUG io.netty.util.internal.PlatformDependent0 - java.nio.DirectByteBuffer.<init>(long, int): unavailable
11:05:32.419 [main] DEBUG io.netty.util.internal.PlatformDependent - sun.misc.Unsafe: available
11:05:32.421 [main] DEBUG io.netty.util.internal.PlatformDependent - maxDirectMemory: 2113929216 bytes (maybe)
11:05:32.422 [main] DEBUG io.netty.util.internal.PlatformDependent - -Dio.netty.tmpdir: C:\Users\HATKESH\AppData\Local\Temp (java.io.tmpdir)
11:05:32.423 [main] DEBUG io.netty.util.internal.PlatformDependent - -Dio.netty.bitMode: 64 (sun.arch.data.model)
11:05:32.423 [main] DEBUG io.netty.util.internal.PlatformDependent - Platform: Windows
11:05:32.425 [main] DEBUG io.netty.util.internal.PlatformDependent - -Dio.netty.maxDirectMemory: -1 bytes
11:05:32.426 [main] DEBUG io.netty.util.internal.PlatformDependent - -Dio.netty.uninitializedArrayAllocationThreshold: -1
11:05:32.430 [main] DEBUG io.netty.util.internal.CleanerJava9 - java.nio.ByteBuffer.cleaner(): available
11:05:32.430 [main] DEBUG io.netty.util.internal.PlatformDependent - -Dio.netty.noPreferDirect: false
11:05:32.454 [main] DEBUG io.netty.util.internal.PlatformDependent - org.jctools-core.MpscChunkedArrayQueue: available
11:05:32.557 [main] DEBUG io.netty.util.internal.InternalThreadLocalMap - -Dio.netty.threadLocalMap.stringBuilder.initialSize: 1024
11:05:32.557 [main] DEBUG io.netty.util.internal.InternalThreadLocalMap - -Dio.netty.threadLocalMap.stringBuilder.maxSize: 4096
11:05:32.610 [main] DEBUG io.netty.handler.ssl.JdkSslContext - Default protocols (JDK): [TLSv1.3, TLSv1.2] 
11:05:32.610 [main] DEBUG io.netty.handler.ssl.JdkSslContext - Default cipher suites (JDK): [TLS_ECDHE_ECDSA_WITH_AES_256_GCM_SHA384, TLS_ECDHE_ECDSA_WITH_AES_128_GCM_SHA256, TLS_ECDHE_RSA_WITH_AES_128_GCM_SHA256, TLS_ECDHE_RSA_WITH_AES_256_GCM_SHA384, TLS_ECDHE_RSA_WITH_AES_128_CBC_SHA, TLS_ECDHE_RSA_WITH_AES_256_CBC_SHA, TLS_RSA_WITH_AES_128_GCM_SHA256, TLS_RSA_WITH_AES_128_CBC_SHA, TLS_RSA_WITH_AES_256_CBC_SHA, TLS_AES_128_GCM_SHA256, TLS_AES_256_GCM_SHA384]
11:05:32.688 [main] DEBUG io.netty.channel.MultithreadEventLoopGroup - -Dio.netty.eventLoopThreads: 8
11:05:32.713 [main] DEBUG io.netty.channel.nio.NioEventLoop - -Dio.netty.noKeySetOptimization: false
11:05:32.714 [main] DEBUG io.netty.channel.nio.NioEventLoop - -Dio.netty.selectorAutoRebuildThreshold: 512
11:05:32.813 [main] DEBUG io.netty.buffer.PooledByteBufAllocator - -Dio.netty.allocator.numHeapArenas: 8
11:05:32.813 [main] DEBUG io.netty.buffer.PooledByteBufAllocator - -Dio.netty.allocator.numDirectArenas: 8
11:05:32.813 [main] DEBUG io.netty.buffer.PooledByteBufAllocator - -Dio.netty.allocator.pageSize: 8192
11:05:32.813 [main] DEBUG io.netty.buffer.PooledByteBufAllocator - -Dio.netty.allocator.maxOrder: 9
11:05:32.813 [main] DEBUG io.netty.buffer.PooledByteBufAllocator - -Dio.netty.allocator.chunkSize: 4194304
11:05:32.814 [main] DEBUG io.netty.buffer.PooledByteBufAllocator - -Dio.netty.allocator.smallCacheSize: 256
11:05:32.814 [main] DEBUG io.netty.buffer.PooledByteBufAllocator - -Dio.netty.allocator.normalCacheSize: 64
11:05:32.814 [main] DEBUG io.netty.buffer.PooledByteBufAllocator - -Dio.netty.allocator.maxCachedBufferCapacity: 32768
11:05:32.814 [main] DEBUG io.netty.buffer.PooledByteBufAllocator - -Dio.netty.allocator.cacheTrimInterval: 8192
11:05:32.814 [main] DEBUG io.netty.buffer.PooledByteBufAllocator - -Dio.netty.allocator.cacheTrimIntervalMillis: 0
11:05:32.815 [main] DEBUG io.netty.buffer.PooledByteBufAllocator - -Dio.netty.allocator.useCacheForAllThreads: false
11:05:32.815 [main] DEBUG io.netty.buffer.PooledByteBufAllocator - -Dio.netty.allocator.maxCachedByteBuffersPerChunk: 1023
11:05:32.868 [main] DEBUG io.netty.buffer.ByteBufUtil - -Dio.netty.allocator.type: pooled
11:05:32.869 [main] DEBUG io.netty.buffer.ByteBufUtil - -Dio.netty.threadLocalDirectBufferSize: 0
11:05:32.869 [main] DEBUG io.netty.buffer.ByteBufUtil - -Dio.netty.maxThreadLocalCharBufferSize: 16384
11:05:33.753 [Forwarding newSession on session null to remote] DEBUG io.netty.channel.DefaultChannelId - -Dio.netty.processId: 12768 (auto-detected)
11:05:33.758 [Forwarding newSession on session null to remote] DEBUG io.netty.util.NetUtil - -Djava.net.preferIPv4Stack: false
11:05:33.758 [Forwarding newSession on session null to remote] DEBUG io.netty.util.NetUtil - -Djava.net.preferIPv6Addresses: false
11:05:33.993 [Forwarding newSession on session null to remote] DEBUG io.netty.util.NetUtilInitializations - Loopback interface: lo (Software Loopback Interface 1, 127.0.0.1)
11:05:33.994 [Forwarding newSession on session null to remote] DEBUG io.netty.util.NetUtil - Failed to get SOMAXCONN from sysctl and file \proc\sys\net\core\somaxconn. Default: 200
11:05:34.284 [Forwarding newSession on session null to remote] DEBUG io.netty.channel.DefaultChannelId - -Dio.netty.machineId: 30:52:cb:ff:fe:44:c3:d9 (auto-detected)
11:05:34.419 [AsyncHttpClient-1-2] DEBUG io.netty.buffer.AbstractByteBuf - -Dio.netty.buffer.checkAccessible: true
11:05:34.420 [AsyncHttpClient-1-2] DEBUG io.netty.buffer.AbstractByteBuf - -Dio.netty.buffer.checkBounds: true
11:05:34.420 [AsyncHttpClient-1-2] DEBUG io.netty.util.ResourceLeakDetectorFactory - Loaded default ResourceLeakDetector: io.netty.util.ResourceLeakDetector@63a7d99
11:05:34.489 [AsyncHttpClient-1-2] DEBUG io.netty.util.Recycler - -Dio.netty.recycler.maxCapacityPerThread: 4096
11:05:34.489 [AsyncHttpClient-1-2] DEBUG io.netty.util.Recycler - -Dio.netty.recycler.ratio: 8
11:05:34.489 [AsyncHttpClient-1-2] DEBUG io.netty.util.Recycler - -Dio.netty.recycler.chunkSize: 32
11:05:34.489 [AsyncHttpClient-1-2] DEBUG io.netty.util.Recycler - -Dio.netty.recycler.blocking: false
11:05:35.718 [AsyncHttpClient-1-2] DEBUG io.netty.handler.codec.compression.Brotli - brotli4j not in the classpath; Brotli support will be unavailable.
11:05:36.104 [main] DEBUG io.netty.util.internal.ThreadLocalRandom - -Dio.netty.initialSeedUniquifier: 0xf6afc5381f2f2f8f
11:05:37.455 [main] INFO  testCases.TC_001_AccountRegistrationTest - *******Starting TC_001_AccountRegistrationTest*********
11:05:38.157 [main] INFO  testCases.TC_001_AccountRegistrationTest - clicked on MyAccount
11:05:38.959 [main] INFO  testCases.TC_001_AccountRegistrationTest - clicked on Register
11:05:39.139 [main] INFO  testCases.TC_001_AccountRegistrationTest - Provided first name
11:05:39.323 [main] INFO  testCases.TC_001_AccountRegistrationTest - provided Last name
11:05:39.489 [main] INFO  testCases.TC_001_AccountRegistrationTest - Provided Email
11:05:39.624 [main] INFO  testCases.TC_001_AccountRegistrationTest - Provided Telephone Number
11:05:39.768 [main] INFO  testCases.TC_001_AccountRegistrationTest - Provided Password
11:05:39.912 [main] INFO  testCases.TC_001_AccountRegistrationTest - Provided ConfirmPassword
11:05:40.021 [main] INFO  testCases.TC_001_AccountRegistrationTest - Provided PrivatePolicy
11:05:42.650 [main] INFO  testCases.TC_001_AccountRegistrationTest - Clicked to Continue
11:05:42.705 [main] INFO  testCases.TC_001_AccountRegistrationTest - *******Finished_TC_001_AccountRgistrationTest*******
11:05:45.837 [main] INFO  testCases.TC_002_LoginTest - ****** Starting TC_002_LoginTest******
11:05:46.529 [main] INFO  testCases.TC_002_LoginTest - clicked on MyAccount
11:05:47.141 [main] INFO  testCases.TC_002_LoginTest - clicked on Login
11:05:47.366 [main] INFO  testCases.TC_002_LoginTest - Provided E-mail Address
11:05:47.519 [main] INFO  testCases.TC_002_LoginTest - Provided Password
11:05:48.116 [main] INFO  testCases.TC_002_LoginTest - Clicked to Login
11:05:48.239 [main] INFO  testCases.TC_002_LoginTest - ****** Finished TC_002_LoginTest *******
